[Wed Feb  6 15:10:54 CST 2019] CREATED: 111
[Wed Feb  6 19:37:31 CST 2019] CREATED: 555
[Wed Feb  6 22:15:13 CST 2019] UPDATED: 555
[Wed Feb  6 22:23:34 CST 2019] UPDATED: 555
[Thu Feb  7 00:23:31 CST 2019] CREATED: 555
[Thu Feb  7 00:24:45 CST 2019] UPDATED: 555
[Thu Feb  7 00:26:11 CST 2019] UPDATED: 555
[Thu Feb  7 11:53:45 CST 2019] UPDATED: 555
[Thu Feb  7 11:54:40 CST 2019] UPDATED: 555
[Thu Feb  7 11:56:36 CST 2019] UPDATED: 555
[Thu Feb  7 12:01:21 CST 2019] UPDATED: 555
[Thu Feb  7 12:05:39 CST 2019] UPDATED: 555
[Thu Feb  7 12:06:35 CST 2019] UPDATED: 555
[Thu Feb  7 12:16:23 CST 2019] UPDATED: 555
[Thu Feb  7 12:16:59 CST 2019] UPDATED: 555
[Thu Feb  7 12:30:37 CST 2019] UPDATED: 555
[Thu Feb  7 12:31:36 CST 2019] UPDATED: 555
[Thu Feb  7 12:54:17 CST 2019] UPDATED: 555
[Thu Feb  7 12:54:51 CST 2019] UPDATED: 555
[Thu Feb  7 14:06:03 CST 2019] DELETED: 555
[Thu Feb  7 17:03:27 CST 2019] CREATED: 333
[Thu Feb  7 17:34:50 CST 2019] PAID: 333 - AMOUNT: 900 - NEW BALANCE: 0
[Thu Feb  7 17:48:12 CST 2019] PAID: 333 - AMOUNT: 900 - NEW BALANCE: 0
[Thu Feb  7 17:49:21 CST 2019] UPDATED: 333
[Thu Feb  7 17:53:52 CST 2019] PAID: 333 - AMOUNT: 900 - NEW BALANCE: 0
[Thu Feb  7 17:54:29 CST 2019] PAID: 333 - AMOUNT: 100 - NEW BALANCE: -100
[Thu Feb  7 17:55:00 CST 2019] PAID: 333 - AMOUNT: -200 - NEW BALANCE: 100
[Thu Feb  7 17:55:40 CST 2019] PAID: 333 - AMOUNT: 200 - NEW BALANCE: -100
[Thu Feb  7 17:55:58 CST 2019] PAID: 333 - AMOUNT: 22 - NEW BALANCE: -122
[Thu Feb  7 21:37:00 CST 2019] CREATED: 12345
[Thu Feb  7 21:40:21 CST 2019] CREATED: 666
[Thu Feb  7 21:48:56 CST 2019] CREATED: 222
[Thu Feb  7 22:01:42 CST 2019] CREATED: 123
[Thu Feb  7 22:01:42 CST 2019] UPDATED: 001
[Thu Feb  7 22:01:42 CST 2019] DELETED: 992
[Thu Feb  7 22:01:42 CST 2019] PAID: 323 - AMOUNT: 900 - NEW BALANCE: 0
[Thu Feb  7 22:26:51 CST 2019] UPDATED: 001
[Thu Feb  7 22:26:51 CST 2019] PAID: 323 - AMOUNT: 900 - NEW BALANCE: -900
[Thu Feb  7 23:36:26 CST 2019] UPDATED: 123
[Thu Feb  7 23:37:16 CST 2019] PAID: 123 - AMOUNT: 800 - NEW BALANCE: 0
[Fri Feb  8 14:04:34 CST 2019] UPDATED: 001
[Fri Feb  8 14:04:34 CST 2019] PAID: 323 - AMOUNT: 900 - NEW BALANCE: -1800
